08.06.2017 13:30:26: Start command "metal:project:normalize-files"
Move company_file file 2"
Move company_file file 3"
Move company_file file 5"
Move company_file file 7"
Move company_file file 8"
Move company_file file 9"
Move company_file file 10"
Move company_file file 11"
Move company_file file 12"
Move company_file file 13"
Move company_file file 14"
Move company_file file 15"
Move company_file file 17"
Move company_file file 20"
Move company_file file 21"
Move company_file file 23"
Move company_file file 24"
Move company_file file 25"
Move company_file file 27"
Move company_file file 28"
Move company_file file 29"
Move company_file file 30"
Move company_file file 31"
Move company_file file 32"
Move company_file file 33"
Move company_file file 34"
Move company_file file 35"
Move company_file file 37"
Move company_file file 39"
Move company_file file 40"
Move company_file file 41"
Move company_file file 42"
Move company_file file 43"
Move company_file file 44"
Move company_file file 45"
Move company_file file 46"
Move company_file file 47"
Move company_file file 48"
Move company_file file 49"
Move company_file file 50"
Move company_file file 51"
Move company_file file 52"
Move company_file file 53"
Move company_file file 54"
Move company_file file 55"
Move company_file file 57"
Move company_file file 58"
Move company_file file 60"
Move company_file file 62"
Move company_file file 64"
Move company_file file 66"
Move company_file file 67"
Move company_file file 69"
Move company_file file 70"
Move company_file file 71"
Move company_file file 72"
Move company_file file 73"
Move company_file file 74"
Move company_file file 75"
Move company_file file 77"
Move company_file file 78"
Move company_file file 80"
Move company_file file 81"
Move company_file file 82"
Move company_file file 83"
Move company_file file 84"
Move company_file file 86"
Move company_file file 87"
Move company_file file 88"
Move company_file file 89"
Move company_file file 90"
Move company_file file 91"
Move company_file file 92"
Move company_file file 93"
Move company_file file 94"
Move company_file file 95"
Move company_file file 97"
Move company_file file 98"
Move company_file file 100"
Move company_file file 101"
Move company_file file 103"
Move company_file file 104"
Move company_file file 105"
Move company_file file 107"
Move company_file file 108"
Move company_file file 109"
Move company_file file 111"
Move company_file file 112"
Move company_file file 114"
Move company_file file 115"
Move company_file file 116"
Move company_file file 117"
Move company_file file 119"
Move company_file file 120"
Move company_file file 122"
Move company_file file 123"
Move company_file file 124"
Move company_file file 125"
Move company_file file 126"
Move company_file file 127"
Move company_file file 128"
Move company_file file 129"
Move company_file file 130"
Move company_file file 131"
Move company_file file 132"
Move company_file file 134"
Move company_file file 135"
Move company_file file 136"
Move company_file file 138"
Move company_file file 139"
Move company_file file 140"
Move company_file file 141"
Move company_file file 142"
Move company_file file 143"
Move company_file file 144"
Move company_file file 145"
Move company_file file 146"
Move company_file file 148"
Move company_file file 149"
Move company_file file 150"
Move company_file file 152"
Move company_file file 153"
Move company_file file 154"
Move company_file file 155"
Move company_file file 156"
Move company_file file 158"
Move company_file file 159"
Move company_file file 160"
Move company_file file 161"
Move company_file file 162"
Move company_file file 165"
Move company_file file 166"
Move company_file file 167"
Move company_file file 168"
Move company_file file 169"
Move company_file file 170"
Move company_file file 171"
Move company_file file 172"
Move company_file file 174"
Move company_file file 175"
Move company_file file 178"
Move company_file file 179"
Move company_file file 181"
Move company_file file 183"
Move company_file file 184"
Move company_file file 185"
Move company_file file 187"
Move company_file file 188"
Move company_file file 190"
Move company_file file 192"
Move company_file file 193"
Move company_file file 194"
Move company_file file 204"
Move company_file file 205"
Move company_file file 206"
Move company_file file 207"
Move company_file file 208"
Move company_file file 209"
Move company_file file 210"
Move company_file file 211"
Move company_file file 212"
Move company_file file 244"
Move company_file file 245"
Move company_file file 249"
Move company_file file 250"
Move company_file file 251"
Move company_file file 252"
Move company_file file 253"
Move company_file file 254"
Move company_file file 256"
Move company_file file 257"
Move company_file file 259"
Move company_file file 260"
Move company_file file 262"
Move company_file file 263"
Move company_file file 264"
Move company_file file 265"
Move company_file file 266"
Move company_file file 267"
Move company_file file 268"
Move company_file file 270"
Move company_file file 271"
Move company_file file 275"
Move company_file file 277"
Move company_file file 279"
Move company_file file 280"
Move company_file file 281"
Move company_file file 282"
Move company_file file 283"
Move company_file file 284"
Move company_file file 286"
Move company_file file 297"
Move company_file file 310"
Move company_file file 311"
Move company_file file 312"
Move company_file file 313"
Move company_file file 315"
Move company_file file 317"
Move company_file file 319"
Move company_file file 320"
Move company_file file 322"
Move company_file file 323"
Move company_file file 325"
Move company_file file 327"
Move company_file file 328"
Move company_file file 329"
Move company_file file 330"
Move company_file file 332"
Move company_file file 337"
Move company_file file 348"
Move company_file file 349"
Move company_file file 362"
Move company_file file 363"
Move company_file file 364"
Move company_file file 365"
Move company_file file 387"
Move company_file file 391"
Move company_file file 392"
Move company_file file 393"
Move company_file file 394"
Move company_file file 396"
Move company_file file 397"
Move company_file file 408"
Move company_file file 410"
Move company_file file 414"
Move company_file file 415"
Move company_file file 417"
Move company_file file 418"
Move company_file file 419"
Move company_file file 423"
Move company_file file 424"
Move company_file file 425"
Move company_file file 426"
Move company_file file 427"
Move company_file file 428"
Move company_file file 429"
Move company_file file 430"
Move company_file file 431"
Move company_file file 433"
Move company_file file 434"
Move company_file file 435"
Move company_file file 436"
Move company_file file 437"
Move company_file file 438"
Move company_file file 440"
Move company_file file 441"
Move company_file file 442"
Move company_file file 443"
Move company_file file 444"
Move company_file file 445"
Move company_file file 446"
Move company_file file 447"
Move company_file file 448"
Move company_file file 449"
Move company_file file 461"
Move company_file file 464"
Move company_file file 466"
Move company_file file 467"
Move company_file file 468"
Move company_file file 471"
Move company_file file 472"
Move company_file file 473"
Move company_file file 475"
Move company_file file 478"
Move company_file file 479"
Move company_file file 480"
Move company_file file 481"
Move company_file file 482"
Move company_file file 483"
Move company_file file 484"
Move company_file file 485"
Move company_file file 486"
Move company_file file 487"
Move company_file file 489"
Move company_file file 490"
Move company_file file 491"
Move company_file file 492"
Move company_file file 493"
Move company_file file 497"
Move company_file file 498"
Move company_file file 499"
Move company_file file 501"
Move company_file file 502"
Move company_file file 506"
Move company_file file 507"
Move company_file file 508"
Move company_file file 509"
Move company_file file 511"
Move company_file file 512"
Move company_file file 513"
Move company_file file 514"
Move company_file file 515"
Move company_file file 516"
Move company_file file 517"
Move company_file file 518"
Move company_file file 519"
Move company_file file 520"
Move company_file file 521"
Move company_file file 525"
Move company_file file 527"
Move company_file file 528"
Move company_file file 529"
Move company_file file 531"
Move company_file file 532"
Move company_file file 533"
Move company_file file 534"
Move company_file file 535"
Move company_file file 536"
Move company_file file 537"
Move company_file file 538"
Move company_file file 539"
Move company_file file 542"
Move company_file file 543"
Move company_file file 545"
Move company_file file 546"
Move company_file file 547"
Move company_file file 548"
Move company_file file 549"
Move company_file file 550"
Move company_file file 552"
Move company_file file 554"
Move company_file file 555"
Move company_file file 556"
Move company_file file 557"
Move company_file file 558"
Move company_file file 560"
Move company_file file 562"
Move company_file file 563"
Move company_file file 565"
Move company_file file 566"
Move company_file file 567"
Move company_file file 568"
Move company_file file 569"
Move company_file file 570"
Move company_file file 572"
Move company_file file 573"
Move company_file file 574"
Move company_file file 575"
Move company_file file 576"
Move company_file file 577"
Move company_file file 578"
Move company_file file 579"
Move company_file file 581"
Move company_file file 582"
Move company_file file 583"
Move company_file file 585"
Move company_file file 586"
Move company_file file 587"
Move company_file file 588"
Move company_file file 589"
Move company_file file 590"
Move company_file file 591"
Move company_file file 592"
Move company_file file 593"
Move company_file file 594"
Move company_file file 595"
Move company_file file 596"
Move company_file file 597"
Move company_file file 598"
Move company_file file 599"
Move company_file file 600"
Move company_file file 601"
Move company_file file 602"
Move company_file file 603"
Move company_file file 604"
Move company_file file 606"
Move company_file file 615"
Move company_file file 616"
Move company_file file 617"
Move company_file file 618"
Move company_file file 620"
Move company_file file 621"
Move company_file file 622"
Move company_file file 623"
Move company_file file 624"
Move company_file file 625"
Move company_file file 626"
Move company_file file 627"
Move company_file file 629"
Move company_file file 630"
Move company_file file 631"
Move company_file file 633"
Move company_file file 636"
Move company_file file 637"
Move company_file file 638"
Move company_file file 639"
Move company_file file 641"
Move company_file file 642"
Move company_file file 643"
Move company_file file 644"
Move company_file file 645"
Move company_file file 647"
Move company_file file 648"
Move company_file file 650"
Move company_file file 652"
Move company_file file 653"
Move company_file file 654"
Move company_file file 655"
Move company_file file 656"
Move company_file file 659"
Move company_file file 660"
Move company_file file 662"
Move company_file file 663"
Move company_file file 664"
Move company_file file 665"
Move company_file file 666"
Move company_file file 667"
Move company_file file 668"
Move company_file file 669"
Move company_file file 670"
Move company_file file 671"
Move company_file file 672"
Move company_file file 675"
Move company_file file 676"
Move company_file file 678"
Move company_file file 679"
Move company_file file 680"
Move company_file file 681"
Move company_file file 682"
Move company_file file 683"
Move company_file file 684"
Move company_file file 685"
Move company_file file 686"
Move company_file file 687"
Move company_file file 688"
Move company_file file 689"
Move company_file file 690"
Move company_file file 691"
Move company_file file 693"
Move company_file file 694"
Move company_file file 695"
Move company_file file 696"
Move company_file file 701"
Move company_file file 702"
Move company_file file 703"
Move company_file file 704"
Move company_file file 705"
Move company_file file 706"
Move company_file file 707"
Move company_file file 711"
Move company_file file 712"
Move company_file file 713"
Move company_file file 714"
Move company_file file 715"
Move company_file file 716"
Move company_file file 717"
Move company_file file 718"
Move company_file file 719"
Move company_file file 720"
Move company_file file 721"
Move company_file file 722"
Move company_file file 723"
Move company_file file 724"
Move company_file file 725"
Move company_file file 726"
Move company_file file 727"
Move company_file file 729"
Move company_file file 730"
Move company_file file 732"
Move company_file file 733"
Move company_file file 734"
Move company_file file 735"
Move company_file file 736"
Move company_file file 737"
Move company_file file 738"
Move company_file file 739"
Move company_file file 740"
Move company_file file 741"
Move company_file file 742"
Move company_file file 743"
Move company_file file 744"
Move company_file file 745"
Move company_file file 746"
Move company_file file 747"
Move company_file file 754"
Move company_file file 756"
Move company_file file 757"
Move company_file file 758"
Move company_file file 759"
Move company_file file 760"
Move company_file file 761"
Move company_file file 763"
Move company_file file 764"
Move company_file file 765"
Move company_file file 766"
Move company_file file 767"
Move company_file file 768"
Move company_file file 769"
Move company_file file 770"
Move company_file file 771"
Move company_file file 772"
Move company_file file 774"
Move company_file file 775"
Move company_file file 776"
Move company_file file 777"
Move company_file file 779"
Move company_file file 780"
Move company_file file 781"
Move company_file file 782"
Move company_file file 783"
Move company_file file 784"
Move company_file file 785"
Move company_file file 786"
Move company_file file 788"
Move company_file file 789"
Move company_file file 790"
Move company_file file 791"
Move company_file file 792"
Move company_file file 793"
Move company_file file 794"
Move company_file file 795"
Move company_file file 796"
Move company_file file 797"
Move company_file file 798"
Move company_file file 799"
Move company_file file 800"
Move company_file file 801"
Move company_file file 802"
Move company_file file 803"
Move company_file file 804"
Move company_file file 805"
Move company_file file 806"
Move company_file file 807"
Move company_file file 808"
Move company_file file 809"
Move company_file file 810"
Move company_file file 811"
Move company_file file 812"
Move company_file file 814"
Move company_file file 815"
Move company_file file 816"
Move company_file file 817"
Move company_file file 819"
Move company_file file 820"
Move company_file file 821"
Move landing_template file 7"
Move mini_site_cover file 1"
Move mini_site_cover file 2"
Move mini_site_cover file 50"
Move mini_site_cover file 51"
Move mini_site_cover file 52"
Move mini_site_cover file 53"
Move mini_site_cover file 54"
Move mini_site_cover file 55"
Move mini_site_cover file 56"
Move mini_site_cover file 57"
Move mini_site_cover file 58"
Move mini_site_cover file 59"
Move mini_site_cover file 60"
Move mini_site_cover file 61"
Move mini_site_cover file 62"
Move mini_site_cover file 63"
Move mini_site_cover file 64"
Move mini_site_cover file 65"
Move mini_site_cover file 66"
Move mini_site_cover file 67"
Move mini_site_cover file 68"
Move mini_site_cover file 69"
Move mini_site_cover file 70"
Move mini_site_cover file 71"
Move mini_site_cover file 72"
Move mini_site_cover file 73"
Move mini_site_cover file 74"
Move mini_site_cover file 75"
Move mini_site_cover file 76"
Move mini_site_cover file 77"
Move mini_site_cover file 78"
Move mini_site_cover file 79"
Move mini_site_cover file 80"
Move mini_site_cover file 81"
Move mini_site_cover file 82"
Move mini_site_cover file 83"
Move mini_site_cover file 84"
Move mini_site_cover file 85"
Move mini_site_cover file 86"
Move mini_site_cover file 87"
Move mini_site_cover file 88"
Move mini_site_cover file 89"
Move mini_site_cover file 90"
Move mini_site_cover file 91"
Move mini_site_cover file 92"
Move mini_site_cover file 94"
Move mini_site_cover file 95"
Move mini_site_cover file 96"
Move mini_site_cover file 97"
Move mini_site_cover file 98"
Move mini_site_cover file 99"
Move mini_site_cover file 100"
Move mini_site_cover file 101"
Move mini_site_cover file 102"
Move mini_site_cover file 103"
Move mini_site_cover file 104"
Move mini_site_cover file 105"
Move mini_site_cover file 106"
Move mini_site_cover file 107"
Move mini_site_cover file 108"
Move mini_site_cover file 109"
Move mini_site_cover file 110"
Move mini_site_cover file 111"
Move mini_site_cover file 112"
Move mini_site_cover file 113"
Move mini_site_cover file 114"
Move mini_site_cover file 115"
Move mini_site_cover file 116"
Move mini_site_cover file 117"
Move mini_site_cover file 118"
Move mini_site_cover file 119"
Move mini_site_cover file 120"
Move mini_site_cover file 121"
Move mini_site_cover file 122"
Move mini_site_cover file 123"
Move mini_site_cover file 124"
Move mini_site_cover file 125"
Move mini_site_cover file 126"
Move mini_site_cover file 127"
Move mini_site_cover file 128"
Move mini_site_cover file 129"
Move mini_site_cover file 130"
Move mini_site_cover file 131"
Move mini_site_cover file 132"
Move mini_site_cover file 133"
Move mini_site_cover file 134"
Move mini_site_cover file 135"
Move mini_site_cover file 136"
Move mini_site_cover file 137"
Move mini_site_cover file 138"
Move mini_site_cover file 139"
Move mini_site_cover file 140"
Move mini_site_cover file 141"
Move mini_site_cover file 142"
Move mini_site_cover file 143"
Move mini_site_cover file 144"
Move mini_site_cover file 145"
Move mini_site_cover file 146"
Move mini_site_cover file 147"
Move mini_site_cover file 148"
Move mini_site_cover file 149"
Move mini_site_cover file 150"
Move mini_site_cover file 151"
Move mini_site_cover file 152"
Move mini_site_cover file 153"
Move mini_site_cover file 154"
Move mini_site_cover file 155"
Move mini_site_cover file 156"
Move mini_site_cover file 157"
Move mini_site_cover file 158"
Move mini_site_cover file 159"
Move mini_site_cover file 160"
Move mini_site_cover file 161"
Move mini_site_cover file 162"
Move mini_site_cover file 163"
Move mini_site_cover file 164"
Move mini_site_cover file 165"
Move mini_site_cover file 166"
Move mini_site_cover file 167"
Move mini_site_cover file 168"
Move mini_site_cover file 169"
Move mini_site_cover file 170"
Move mini_site_cover file 171"
Move mini_site_cover file 172"
Move mini_site_cover file 173"
Move mini_site_cover file 174"
Move mini_site_cover file 175"
Move mini_site_cover file 176"
Move mini_site_cover file 177"
Move mini_site_cover file 178"
Move mini_site_cover file 179"
Move mini_site_cover file 180"
Move mini_site_cover file 181"
Move mini_site_cover file 182"
Move mini_site_cover file 183"
Move mini_site_cover file 184"
Move mini_site_cover file 185"
Move mini_site_cover file 186"
Move mini_site_cover file 187"
Move mini_site_cover file 188"
Move mini_site_cover file 189"
Move mini_site_cover file 190"
Move mini_site_cover file 191"
Move mini_site_cover file 192"
Move mini_site_cover file 193"
Move mini_site_cover file 194"
Move mini_site_cover file 195"
Move mini_site_cover file 196"
Move mini_site_cover file 197"
Move mini_site_cover file 198"
Move mini_site_cover file 199"
Move mini_site_cover file 200"
Move mini_site_cover file 201"
Move mini_site_cover file 202"
Move mini_site_cover file 203"
Move mini_site_cover file 204"
Move mini_site_cover file 205"
Move mini_site_cover file 206"
Move mini_site_cover file 207"
Move mini_site_cover file 208"
Move mini_site_cover file 209"
Move mini_site_cover file 210"
Move mini_site_cover file 211"
Move mini_site_cover file 212"
Move mini_site_cover file 213"
Move mini_site_cover file 214"
Move mini_site_cover file 215"
Move mini_site_cover file 216"
Move mini_site_cover file 217"
Move mini_site_cover file 218"
Move mini_site_cover file 219"
Move mini_site_cover file 220"
Move mini_site_cover file 221"
Move mini_site_cover file 222"
Move mini_site_cover file 223"
Move mini_site_cover file 224"
Move mini_site_cover file 225"
Move mini_site_cover file 226"
Move mini_site_cover file 227"
Move mini_site_cover file 228"
Move mini_site_cover file 229"
Move mini_site_cover file 230"
Move mini_site_cover file 231"
Move mini_site_cover file 232"
Move mini_site_cover file 233"
Move mini_site_cover file 234"
Move mini_site_cover file 235"
Move mini_site_cover file 236"
Move mini_site_cover file 237"
Move mini_site_cover file 238"
Move mini_site_cover file 239"
Move mini_site_cover file 240"
Move mini_site_cover file 241"
Move mini_site_cover file 242"
Move mini_site_cover file 243"
Move mini_site_cover file 244"
Move mini_site_cover file 245"
Move mini_site_cover file 246"
Move mini_site_cover file 247"
Move mini_site_cover file 248"
Move mini_site_cover file 249"
Move mini_site_cover file 250"
Move mini_site_cover file 251"
Move mini_site_cover file 252"
Move mini_site_cover file 253"
Move mini_site_cover file 254"
Move mini_site_cover file 255"
Move mini_site_cover file 256"
Move mini_site_cover file 257"
Move mini_site_cover file 258"
Move mini_site_cover file 259"
Move mini_site_cover file 260"
Move mini_site_cover file 261"
Move mini_site_cover file 262"
Move mini_site_cover file 263"
Move mini_site_cover file 264"
Move mini_site_cover file 265"
Move mini_site_cover file 266"
Move mini_site_cover file 267"
Move mini_site_cover file 268"
Move mini_site_cover file 269"
Move mini_site_cover file 270"
Move mini_site_cover file 271"
Move mini_site_cover file 272"
Move mini_site_cover file 273"
Move mini_site_cover file 274"
Move mini_site_cover file 275"
Move mini_site_cover file 276"
Move mini_site_cover file 277"
Move mini_site_cover file 278"
Move mini_site_cover file 279"
Move mini_site_cover file 280"
Move mini_site_cover file 281"
Move mini_site_cover file 282"
Move mini_site_cover file 283"
Move mini_site_cover file 284"
Move mini_site_cover file 285"
Move mini_site_cover file 286"
Move mini_site_cover file 287"
Move mini_site_cover file 288"
Move mini_site_cover file 289"
Move mini_site_cover file 290"
Move mini_site_cover file 291"
Move mini_site_cover file 292"
Move mini_site_cover file 293"
Move mini_site_cover file 294"
Move mini_site_cover file 295"
Move mini_site_cover file 296"
Move mini_site_cover file 297"
Move mini_site_cover file 298"
Move mini_site_cover file 299"
Move mini_site_cover file 300"
Move mini_site_cover file 301"
Move mini_site_cover file 302"
Move mini_site_cover file 303"
Move mini_site_cover file 304"
Move mini_site_cover file 305"
Move mini_site_cover file 306"
Move mini_site_cover file 307"
Move mini_site_cover file 308"
Move mini_site_cover file 309"
Move mini_site_cover file 310"
Move mini_site_cover file 311"
Move mini_site_cover file 312"
Move mini_site_cover file 313"
Move mini_site_cover file 314"
Move mini_site_cover file 315"
Move mini_site_cover file 316"
Move mini_site_cover file 317"
Move mini_site_cover file 318"
Move mini_site_cover file 319"
Move mini_site_cover file 320"
Move mini_site_cover file 321"
Move mini_site_cover file 322"
Move mini_site_cover file 323"
Move mini_site_cover file 324"
Move mini_site_cover file 325"
Move mini_site_cover file 326"
Move mini_site_cover file 327"
Move mini_site_cover file 328"
Move mini_site_cover file 329"
Move mini_site_cover file 330"
Move mini_site_cover file 331"
Move mini_site_cover file 332"
Move mini_site_cover file 333"
Move mini_site_cover file 334"
Move mini_site_cover file 335"
Move mini_site_cover file 336"
Move mini_site_cover file 337"
Move mini_site_cover file 338"
Move mini_site_cover file 339"
Move mini_site_cover file 340"
Move mini_site_cover file 341"
Move mini_site_cover file 342"
Move mini_site_cover file 343"
Move mini_site_cover file 344"
Move mini_site_cover file 345"
Move mini_site_cover file 346"
Move mini_site_cover file 347"
Move mini_site_cover file 348"
Move mini_site_cover file 349"
Move mini_site_cover file 350"
Move mini_site_cover file 351"
Move mini_site_cover file 352"
Move mini_site_cover file 353"
Move mini_site_cover file 354"
Move mini_site_cover file 355"
Move mini_site_cover file 356"
Move mini_site_cover file 357"
Move mini_site_cover file 358"
Move mini_site_cover file 359"
Move mini_site_cover file 360"
Move mini_site_cover file 361"
Move mini_site_cover file 362"
Move mini_site_cover file 363"
Move mini_site_cover file 364"
Move mini_site_cover file 365"
Move mini_site_cover file 366"
Move mini_site_cover file 367"
Move mini_site_cover file 368"
Move mini_site_cover file 369"
Move mini_site_cover file 370"
Move mini_site_cover file 371"
Move mini_site_cover file 372"
Move mini_site_cover file 373"
Move mini_site_cover file 374"
Move mini_site_cover file 375"
Move mini_site_cover file 376"
Move mini_site_cover file 377"
Move mini_site_cover file 378"
Move mini_site_cover file 379"
Move mini_site_cover file 380"
Move mini_site_cover file 381"
Move mini_site_cover file 382"
Move mini_site_cover file 383"
Move mini_site_cover file 384"
Move mini_site_cover file 385"
Move mini_site_cover file 386"
Move mini_site_cover file 387"
Move mini_site_cover file 388"
Move mini_site_cover file 389"
Move mini_site_cover file 390"
Move mini_site_cover file 391"
Move mini_site_cover file 392"
Move mini_site_cover file 393"
Move mini_site_cover file 394"
Move mini_site_cover file 395"
Move mini_site_cover file 396"
Move mini_site_cover file 397"
Move mini_site_cover file 398"
Move mini_site_cover file 399"
Move mini_site_cover file 400"
Move mini_site_cover file 401"
Move mini_site_cover file 402"
Move mini_site_cover file 403"
Move mini_site_cover file 404"
Move mini_site_cover file 405"
Move mini_site_cover file 406"
Move mini_site_cover file 407"
Move mini_site_cover file 408"
Move mini_site_cover file 409"
Move mini_site_cover file 410"
Move mini_site_cover file 411"
Move mini_site_cover file 412"
Move mini_site_cover file 413"
Move mini_site_cover file 414"
Move mini_site_cover file 415"
Move mini_site_cover file 416"
Move mini_site_cover file 417"
Move mini_site_cover file 418"
Move mini_site_cover file 419"
Move mini_site_cover file 420"
Move mini_site_cover file 421"
Move mini_site_cover file 422"
Move mini_site_cover file 423"
Move mini_site_cover file 424"
Move mini_site_cover file 425"
Move mini_site_cover file 426"
Move mini_site_cover file 427"
Move mini_site_cover file 428"
Move mini_site_cover file 429"
Move mini_site_cover file 430"
Move mini_site_cover file 431"
Move mini_site_cover file 432"
Move mini_site_cover file 433"
Move mini_site_cover file 434"
Move mini_site_cover file 435"
Move mini_site_cover file 436"
Move mini_site_cover file 437"
Move mini_site_cover file 438"
Move mini_site_cover file 439"
Move mini_site_cover file 440"
Move company_payment_details file 4773"
Move company_payment_details file 5138"
Move company_payment_details file 5717"
Move company_payment_details file 7960"
Move company_payment_details file 8810"
Move company_payment_details file 9754"
Move company_payment_details file 10793"
Move company_payment_details file 11587"
Move company_payment_details file 13067"
Move company_payment_details file 14148"
Move company_payment_details file 14253"
Move company_payment_details file 14513"
Move company_payment_details file 14524"
Move company_payment_details file 14656"
Move company_payment_details file 14787"
Move company_payment_details file 15625"
Move company_payment_details file 17843"
Move company_payment_details file 17975"
Move company_payment_details file 21176"
Move company_payment_details file 21675"
Move company_payment_details file 21678"
Move company_payment_details file 22840"
Move company_payment_details file 22905"
Move company_payment_details file 22968"
Move company_payment_details file 22973"
Move company_payment_details file 23506"
Move company_payment_details file 23775"
Move company_payment_details file 24413"
Move company_payment_details file 25301"
Move company_payment_details file 25678"
Move company_payment_details file 25967"
Move company_payment_details file 26039"
Move company_payment_details file 26726"
Move company_payment_details file 27041"
Move company_payment_details file 27184"
Move company_payment_details file 27262"
Move company_payment_details file 28005"
Move company_payment_details file 30515"
Move company_payment_details file 30554"
Move company_payment_details file 30614"
Move company_payment_details file 30796"
Move company_payment_details file 31140"
Move company_payment_details file 31193"
Move company_payment_details file 31313"
Move company_payment_details file 35383"
Move company_payment_details file 35658"
Move company_payment_details file 38764"
Move company_payment_details file 38975"
Move company_payment_details file 39572"
Move company_payment_details file 41790"
Move company_payment_details file 41960"
Move company_payment_details file 44981"
Move company_payment_details file 45015"
Move company_payment_details file 46183"
Move company_payment_details file 47408"
Move company_payment_details file 47476"
Move company_payment_details file 2020288"
Move company_payment_details file 2020650"
Move company_payment_details file 2021356"
Move company_payment_details file 2022548"
Move company_payment_details file 2023754"
Move company_payment_details file 2023984"
Move company_payment_details file 2024588"
Move company_payment_details file 2024674"
Move company_payment_details file 2024820"
Move company_payment_details file 2025043"
Move company_payment_details file 2025242"
Move company_payment_details file 2025320"
Move company_payment_details file 2025362"
Move company_payment_details file 2025906"
Move company_payment_details file 2026768"
Move company_payment_details file 2026783"
Move company_payment_details file 2026996"
Move company_payment_details file 2027082"
Move company_payment_details file 2027515"
Move company_payment_details file 2028109"
Move company_payment_details file 2028635"
Move company_payment_details file 2028658"
Move company_payment_details file 2028737"
Move company_payment_details file 2028863"
Move company_payment_details file 2028974"
Move company_payment_details file 2029574"
Move company_payment_details file 2029593"
Move company_payment_details file 2029780"
Move company_payment_details file 2030283"
Move company_payment_details file 2030431"
File not exists company_payment_details file 2030489"
Move company_payment_details file 2030664"
Move company_payment_details file 2030702"
Move company_payment_details file 2030918"
Move company_payment_details file 2030941"
Move company_payment_details file 2031095"
Move company_payment_details file 2031178"
Move company_payment_details file 2031302"
Move company_payment_details file 2031400"
Move company_payment_details file 2031701"
Move company_payment_details file 2031825"
Move company_payment_details file 2031847"
Move company_payment_details file 2031876"
Move company_payment_details file 2031933"
Move company_payment_details file 2032018"
Move company_payment_details file 2032066"
Move company_payment_details file 2032259"
Move company_payment_details file 2032540"
Move company_payment_details file 2032562"
Move company_payment_details file 2032672"
Move company_payment_details file 2032675"
Move company_payment_details file 2032779"
Move company_payment_details file 2033105"
Move company_payment_details file 2033433"
Move company_payment_details file 2033456"
Move company_payment_details file 2033934"
Move company_payment_details file 2034146"
File not exists company_payment_details file 2034180"
Move company_payment_details file 2034523"
Move company_payment_details file 2034809"
Move company_payment_details file 2034823"
Move company_payment_details file 2034860"
Move company_payment_details file 2035035"
Move company_payment_details file 2035077"
Move company_payment_details file 2035118"
Move company_payment_details file 2035132"
Move company_payment_details file 2035163"
Move company_payment_details file 2035204"
Move company_payment_details file 2035639"
Move company_payment_details file 2035643"
Move company_payment_details file 2035689"
Move company_payment_details file 2035761"
Move company_payment_details file 2035775"
Move company_payment_details file 2035924"
Move company_payment_details file 2036085"
Move company_payment_details file 2036569"
Move company_payment_details file 2036716"
Move company_payment_details file 2037001"
Move company_payment_details file 2037181"
Move company_payment_details file 2037266"
Move company_payment_details file 2037297"
Move company_payment_details file 2037356"
Move company_payment_details file 2037455"
Move company_payment_details file 2037499"
Move company_payment_details file 2037530"
Move company_payment_details file 2037659"
Move company_payment_details file 2038000"
Move company_payment_details file 2038009"
Move company_payment_details file 2038010"
Move company_payment_details file 2038411"
Move company_payment_details file 2038606"
Move company_payment_details file 2038724"
Move company_payment_details file 2038800"
Move company_payment_details file 2039019"
Move company_payment_details file 2039127"
Move company_payment_details file 2039210"
Move company_payment_details file 2039228"
Move company_payment_details file 2039229"
Move company_payment_details file 2039254"
Move company_payment_details file 2039312"
Move company_payment_details file 2039369"
Move company_payment_details file 2039378"
Move company_payment_details file 2039379"
Move company_payment_details file 2039408"
Move company_payment_details file 2039668"
Move company_payment_details file 2039705"
Move company_payment_details file 2040001"
Move company_payment_details file 2040125"
Move company_payment_details file 2040364"
Move company_payment_details file 2040911"
Move company_payment_details file 2040918"
Move company_payment_details file 2040990"
Move company_payment_details file 2041038"
Move company_payment_details file 2041123"
Move company_payment_details file 2041134"
Move company_payment_details file 2041175"
Move company_payment_details file 2041661"
Move company_payment_details file 2041751"
Move company_payment_details file 2042027"
Move company_payment_details file 2042094"
Move company_payment_details file 2042130"
Move company_payment_details file 2042171"
Move company_payment_details file 2042266"
Move company_payment_details file 2042474"
Move company_payment_details file 2042522"
Move company_payment_details file 2042759"
Move company_payment_details file 2043067"
Move company_payment_details file 2043186"
Move company_payment_details file 2043532"
Move company_payment_details file 2043533"
Move company_payment_details file 2043540"
Move company_payment_details file 2043542"
Move company_payment_details file 2043646"
Move company_payment_details file 2043930"
Move company_payment_details file 2044246"
Move company_payment_details file 2044248"
Move company_payment_details file 2044370"
Move company_payment_details file 2044465"
Move company_payment_details file 2044741"
Move company_payment_details file 2044826"
Move company_payment_details file 2044972"
Move company_payment_details file 2044984"
Move company_payment_details file 2045127"
Move company_payment_details file 2045185"
Move company_payment_details file 2045309"
File not exists company_payment_details file 2045314"
Move company_payment_details file 2045517"
Move company_payment_details file 2045529"
Move company_payment_details file 2045589"
Move company_payment_details file 2045606"
Move company_payment_details file 2045610"
Move company_payment_details file 2045619"
Move company_payment_details file 2045652"
Move company_payment_details file 2045842"
Move company_payment_details file 2045983"
Move company_payment_details file 2046164"
Move company_payment_details file 2046180"
Move company_payment_details file 2046492"
Move company_payment_details file 2046513"
Move company_payment_details file 2046557"
Move company_payment_details file 2046772"
Move company_payment_details file 2046788"
Move company_payment_details file 2046830"
Move company_payment_details file 2046843"
Move company_payment_details file 2046886"
Move company_payment_details file 2046995"
Move company_payment_details file 2046998"
Move company_payment_details file 2047222"
Move company_payment_details file 2047318"
Move company_payment_details file 2047376"
Move company_payment_details file 2047431"
Move company_payment_details file 2047540"
Move company_payment_details file 2047547"
Move company_payment_details file 2047554"
Move company_payment_details file 2047561"
Move company_payment_details file 2047601"
Move company_payment_details file 2047632"
Move company_payment_details file 2047635"
Move company_payment_details file 2047645"
Move company_payment_details file 2047651"
Move company_payment_details file 2047662"
Move company_payment_details file 2047701"
Move company_payment_details file 2047837"
Move company_payment_details file 2047902"
Move company_payment_details file 2047926"
Move company_payment_details file 2048033"
Move company_payment_details file 2048082"
Move company_payment_details file 2048095"
Move company_payment_details file 2048109"
Move company_payment_details file 2048179"
Move company_payment_details file 2048203"
Move company_payment_details file 2048224"
Move company_payment_details file 2048230"
File not exists company_payment_details file 2048286"
Move company_payment_details file 2048291"
Move company_payment_details file 2048297"
Move company_payment_details file 2048307"
Move company_payment_details file 2048311"
Move company_payment_details file 2048315"
Move company_payment_details file 2048329"
Move company_payment_details file 2048335"
Move company_payment_details file 2048366"
Move company_payment_details file 2048367"
Move company_payment_details file 2048394"
Move company_payment_details file 2048475"
Move company_payment_details file 2048476"
Move company_payment_details file 2048546"
Move company_payment_details file 2048547"
Move company_payment_details file 2048554"
Move company_payment_details file 2048556"
Move company_payment_details file 2048573"
Move company_payment_details file 2048580"
Move company_payment_details file 2048582"
Move company_payment_details file 2048614"
Move company_payment_details file 2048615"
Move company_payment_details file 2048640"
Move company_payment_details file 2048649"
Move company_payment_details file 2048655"
Move company_payment_details file 2048672"
Move company_payment_details file 2048681"
Move company_payment_details file 2048724"
Move company_payment_details file 2048733"
Move company_payment_details file 2048744"
Move company_payment_details file 2048748"
Move company_payment_details file 2048758"
Move company_payment_details file 2048781"
Move company_payment_details file 2048784"
Move company_payment_details file 2048814"
Move company_payment_details file 2048831"
Move company_payment_details file 2048837"
Move company_payment_details file 2048892"
Move company_payment_details file 2048916"
Move company_payment_details file 2048939"
Move company_payment_details file 2048957"
File not exists company_payment_details file 2048990"
Move company_payment_details file 2048993"
Move company_payment_details file 2048998"
Move company_payment_details file 2049032"
Move company_payment_details file 2049066"
Move company_payment_details file 2049074"
Move company_payment_details file 2049127"
Move company_payment_details file 2049200"
Move company_payment_details file 2049254"
Move company_payment_details file 2049265"
Move company_payment_details file 2049266"
Move company_payment_details file 2049271"
Move company_payment_details file 2049334"
Move company_payment_details file 2049366"
Move company_payment_details file 2049369"
Move company_payment_details file 2049449"
Move company_payment_details file 2049473"
Move company_payment_details file 2049490"
Move company_payment_details file 2049537"
Move company_payment_details file 2049559"
Move company_payment_details file 2049566"
Move company_payment_details file 2049580"
Move company_payment_details file 2049605"
Move company_payment_details file 2049615"
Move company_payment_details file 2049617"
Move company_payment_details file 2049634"
Move company_payment_details file 2049635"
Move company_payment_details file 2049668"
Move company_payment_details file 2049684"
Move company_payment_details file 2049719"
Move company_payment_details file 2049721"
Move company_payment_details file 2049722"
Move company_payment_details file 2049770"
Move company_payment_details file 2049803"
Move company_payment_details file 2049820"
Move company_payment_details file 2049857"
Move company_payment_details file 2049879"
Move company_payment_details file 2049954"
Move company_payment_details file 2049983"
Move company_payment_details file 2049998"
Move company_payment_details file 2050013"
Move company_payment_details file 2050070"
Move company_payment_details file 2050076"
Move company_payment_details file 2050114"
Move company_payment_details file 2050117"
Move company_payment_details file 2050126"
Move company_payment_details file 2050201"
Move company_payment_details file 2050215"
Move company_payment_details file 2050242"
Move company_payment_details file 2050260"
Move company_payment_details file 2050292"
Move company_payment_details file 2050306"
Move company_payment_details file 2050338"
Move company_payment_details file 2050350"
Move company_payment_details file 2050414"
Move company_payment_details file 2050426"
Move company_payment_details file 2050529"
Move company_payment_details file 2050535"
Move company_payment_details file 2050550"
Move company_payment_details file 2050571"
Move company_payment_details file 2050572"
Move company_payment_details file 2050630"
Move company_payment_details file 2050639"
Move company_payment_details file 2050641"
Move company_payment_details file 2050643"
Move company_payment_details file 2050665"
Move company_payment_details file 2050679"
Move company_payment_details file 2050699"
Move company_payment_details file 2050744"
Move company_payment_details file 2050762"
Move company_payment_details file 2050777"
Move company_payment_details file 2050844"
Move company_payment_details file 2050875"
Move company_payment_details file 2050878"
Move company_payment_details file 2050902"
Move company_payment_details file 2050921"
Move company_payment_details file 2050946"
Move company_payment_details file 2050951"
Move company_payment_details file 2050962"
Move company_payment_details file 2050983"
Move company_payment_details file 2051036"
Move company_payment_details file 2051038"
Move company_payment_details file 2051069"
Move company_payment_details file 2051080"
Move company_payment_details file 2051095"
Move company_payment_details file 2051146"
Move company_payment_details file 2051147"
Move company_payment_details file 2051158"
Move company_payment_details file 2051237"
Move company_payment_details file 2051264"
Move company_payment_details file 2051302"
Move company_payment_details file 2051303"
Move company_payment_details file 2051322"
Move company_payment_details file 2051325"
Move company_payment_details file 2051331"
Move company_payment_details file 2051356"
Move company_payment_details file 2051371"
Move company_payment_details file 2051395"
Move company_payment_details file 2051463"
Move company_payment_details file 2051466"
Move company_payment_details file 2051471"
Move company_payment_details file 2051492"
Move company_payment_details file 2051499"
Move company_payment_details file 2051552"
Move company_payment_details file 2051565"
Move company_payment_details file 2051578"
Move company_payment_details file 2051616"
Move company_payment_details file 2051685"
Move company_payment_details file 2051699"
Move company_payment_details file 2051737"
Move company_payment_details file 2051750"
Move company_payment_details file 2051764"
Move company_payment_details file 2051795"
Move company_payment_details file 2051817"
File not exists company_payment_details file 2051866"
Move company_payment_details file 2051907"
File not exists company_payment_details file 2051941"
Move company_payment_details file 2051951"
Move company_payment_details file 2051994"
Move company_payment_details file 2052010"
Move company_payment_details file 2052022"
Move company_payment_details file 2052034"
Move company_payment_details file 2052120"
Move company_payment_details file 2052160"
Move company_payment_details file 2052172"
Move company_payment_details file 2052213"
Move company_payment_details file 2052214"
Move company_payment_details file 2052221"
Move company_payment_details file 2052229"
Move company_payment_details file 2052279"
Move company_payment_details file 2052283"
Move company_payment_details file 2052297"
Move company_payment_details file 2052372"
Move company_payment_details file 2052433"
File not exists company_payment_details file 2052440"
Move company_payment_details file 2052466"
Move company_payment_details file 2052470"
Move company_payment_details file 2052497"
Move company_payment_details file 2052522"
Move company_payment_details file 2052523"
Move company_payment_details file 2052567"
Move company_payment_details file 2052568"
Move company_payment_details file 2052571"
Move company_payment_details file 2052581"
Move company_payment_details file 2052629"
Move company_payment_details file 2052635"
Move company_payment_details file 2052661"
Move company_payment_details file 2052662"
Move company_payment_details file 2052666"
Move company_payment_details file 2052684"
Move company_payment_details file 2052708"
Move company_payment_details file 2052731"
Move company_payment_details file 2052733"
Move company_payment_details file 2052784"
Move company_payment_details file 2052806"
Move company_payment_details file 2052857"
Move company_payment_details file 2052865"
Move company_payment_details file 2052869"
Move company_payment_details file 2052881"
Move company_payment_details file 2052930"
Move company_payment_details file 2052944"
Move company_payment_details file 2052959"
Move company_payment_details file 2052983"
Move company_payment_details file 2053000"
Move company_payment_details file 2053015"
Move company_payment_details file 2053020"
Move company_payment_details file 2053033"
Move company_payment_details file 2053082"
Move company_payment_details file 2053113"
Move company_payment_details file 2053136"
Move company_payment_details file 2053173"
Move company_payment_details file 2053183"
Move company_payment_details file 2053216"
Move company_payment_details file 2053256"
Move company_payment_details file 2053280"
Move company_payment_details file 2053392"
Move company_payment_details file 2053396"
Move company_payment_details file 2053431"
Move company_payment_details file 2053466"
Move company_payment_details file 2053553"
Move company_payment_details file 2053582"
Move company_payment_details file 2053593"
Move company_payment_details file 2053622"
Move company_payment_details file 2053634"
Move company_payment_details file 2053677"
File not exists company_payment_details file 2053707"
File not exists company_payment_details file 2053711"
Move company_payment_details file 2053726"
Move company_payment_details file 2053800"
Move company_payment_details file 2053837"
Move company_payment_details file 2053890"
File not exists company_payment_details file 2053904"
Move company_payment_details file 2053952"
Move company_payment_details file 2053988"
Move company_payment_details file 2053999"
Move company_payment_details file 2054012"
Move company_payment_details file 2054040"
Move company_payment_details file 2054047"
Move company_payment_details file 2054050"
Move company_payment_details file 2054098"
Move company_payment_details file 2054101"
Move company_payment_details file 2054115"
Move company_payment_details file 2054155"
Move company_payment_details file 2054183"
Move company_payment_details file 2054250"
Move company_payment_details file 2054293"
Move company_payment_details file 2054314"
Move company_payment_details file 2054322"
Move company_payment_details file 2054331"
Move company_payment_details file 2054345"
Move company_payment_details file 2054353"
Move company_payment_details file 2054354"
Move company_payment_details file 2054356"
Move company_payment_details file 2054501"
Move company_payment_details file 2054505"
Move company_payment_details file 2054521"
Move company_payment_details file 2054522"
Move company_payment_details file 2054587"
Move company_payment_details file 2054664"
Move company_payment_details file 2054699"
File not exists company_payment_details file 2054744"
Move company_payment_details file 2054748"
Move company_payment_details file 2054765"
Move company_payment_details file 2054822"
Move company_payment_details file 2054882"
Move company_payment_details file 2054905"
Move company_payment_details file 2054932"
Move company_payment_details file 2055014"
Move company_payment_details file 2055029"
Move company_payment_details file 2055035"
File not exists company_payment_details file 2055043"
Move company_payment_details file 2055054"
Move company_payment_details file 2055075"
Move company_payment_details file 2055091"
Move company_payment_details file 2055097"
Move company_payment_details file 2055117"
Move company_payment_details file 2055134"
Move company_payment_details file 2055143"
Move company_payment_details file 2055156"
Move company_payment_details file 2055167"
Move company_payment_details file 2055188"
Move company_payment_details file 2055237"
Move company_payment_details file 2055252"
Move company_payment_details file 2055286"
Move company_payment_details file 2055289"
Move company_payment_details file 2055316"
Move company_payment_details file 2055352"
Move company_payment_details file 2055361"
Move company_payment_details file 2055368"
Move company_payment_details file 2055433"
Move company_payment_details file 2055452"
Move company_payment_details file 2055479"
Move company_payment_details file 2055504"
Move company_payment_details file 2055606"
Move company_payment_details file 2055676"
Move company_payment_details file 2055696"
Move company_payment_details file 2055701"
Move company_payment_details file 2055734"
Move company_payment_details file 2055747"
Move company_payment_details file 2055778"
Move company_payment_details file 2055879"
File not exists company_payment_details file 2056005"
Move company_payment_details file 2056049"
Move company_payment_details file 2056081"
Move company_payment_details file 2056084"
Move company_payment_details file 2056125"
Move company_payment_details file 2056167"
Move company_payment_details file 2056424"
Move company_payment_details file 2056625"
Move company_payment_details file 2056626"
Move company_payment_details file 2056726"
Move company_payment_details file 2056732"
Move company_payment_details file 2056788"
Move company_payment_details file 2056807"
Move company_payment_details file 2056886"
Move company_payment_details file 2056973"
File not exists company_payment_details file 2056991"
Move company_payment_details file 2057014"
Move company_payment_details file 2057018"
Move company_payment_details file 2057085"
Move company_payment_details file 2057090"
Move company_payment_details file 2057114"
Move company_payment_details file 2057137"
Move company_payment_details file 2057174"
Move company_payment_details file 2057183"
Move company_payment_details file 2057188"
Move company_payment_details file 2057192"
Move company_payment_details file 2057244"
Move company_payment_details file 2057255"
Move company_payment_details file 2057375"
Move company_payment_details file 2057379"
Move company_payment_details file 2057446"
Move company_payment_details file 2057479"
Move company_payment_details file 2057491"
Move company_payment_details file 2057518"
Move company_payment_details file 2057672"
Move company_payment_details file 2057810"
Move company_payment_details file 2057915"
Move company_payment_details file 2057938"
Move company_payment_details file 2057944"
Move company_payment_details file 2057971"
Move company_payment_details file 2058078"
Move company_payment_details file 2058177"
Move company_payment_details file 2058254"
Move company_payment_details file 2058386"
Move company_payment_details file 2058403"
Move company_payment_details file 2058452"
Move company_payment_details file 2058454"
Move company_payment_details file 2058455"
Move company_payment_details file 2058489"
Move company_payment_details file 2058516"
Move company_payment_details file 2058543"
Move company_payment_details file 2058552"
Move company_payment_details file 2058605"
Move company_payment_details file 2058625"
Move company_payment_details file 2058696"
Move company_payment_details file 2058768"
Move company_payment_details file 2058788"
File not selected company_registration file 1"
File not selected company_registration file 2"
File not selected company_registration file 3"
File not selected company_registration file 4"
File not selected company_registration file 5"
File not selected company_registration file 6"
File not selected company_registration file 7"
File not selected company_registration file 8"
File not selected company_registration file 9"
File not selected company_registration file 10"
File not selected company_registration file 11"
File not selected company_registration file 12"
File not selected company_registration file 13"
File not selected company_registration file 14"
File not selected company_registration file 15"
File not selected company_registration file 16"
File not selected company_registration file 17"
File not selected company_registration file 18"
File not selected company_registration file 19"
File not selected company_registration file 20"
File not selected company_registration file 21"
File not selected company_registration file 22"
File not selected company_registration file 23"
File not selected company_registration file 24"
File not selected company_registration file 25"
File not selected company_registration file 26"
File not selected company_registration file 27"
File not selected company_registration file 28"
File not selected company_registration file 29"
File not selected company_registration file 30"
File not selected company_registration file 31"
File not selected company_registration file 32"
File not selected company_registration file 33"
File not selected company_registration file 34"
File not selected company_registration file 35"
File not selected company_registration file 36"
Move company_registration file 37"
File not selected company_registration file 38"
File not selected company_registration file 39"
File not selected company_registration file 40"
File not selected company_registration file 41"
File not selected company_registration file 42"
File not selected company_registration file 43"
File not selected company_registration file 44"
File not selected company_registration file 45"
File not selected company_registration file 46"
File not selected company_registration file 47"
File not selected company_registration file 48"
File not selected company_registration file 49"
File not selected company_registration file 50"
File not selected company_registration file 51"
File not selected company_registration file 52"
File not selected company_registration file 53"
File not selected company_registration file 54"
File not selected company_registration file 55"
File not selected company_registration file 56"
File not selected company_registration file 57"
File not selected company_registration file 58"
File not selected company_registration file 59"
File not selected company_registration file 60"
File not selected company_registration file 61"
File not selected company_registration file 62"
File not selected company_registration file 63"
File not selected company_registration file 64"
File not selected company_registration file 65"
File not selected company_registration file 66"
File not selected company_registration file 67"
File not selected company_registration file 68"
File not selected company_registration file 69"
File not selected company_registration file 70"
File not selected company_registration file 71"
File not selected company_registration file 72"
File not selected company_registration file 73"
File not selected company_registration file 74"
File not selected company_registration file 75"
File not selected company_registration file 76"
File not selected company_registration file 77"
File not selected company_registration file 78"
File not selected company_registration file 79"
File not selected company_registration file 80"
File not selected company_registration file 81"
File not selected company_registration file 82"
File not selected company_registration file 83"
File not selected company_registration file 84"
File not selected company_registration file 85"
File not selected company_registration file 86"
File not selected company_registration file 87"
File not selected company_registration file 88"
File not selected company_registration file 89"
File not selected company_registration file 90"
File not selected company_registration file 91"
File not selected company_registration file 92"
File not selected company_registration file 93"
File not selected company_registration file 94"
File not selected company_registration file 95"
File not selected company_registration file 96"
File not selected company_registration file 97"
File not selected company_registration file 98"
File not selected company_registration file 99"
File not selected company_registration file 100"
File not selected company_registration file 101"
File not selected company_registration file 102"
File not selected company_registration file 103"
File not selected company_registration file 104"
File not selected company_registration file 105"
File not selected company_registration file 106"
File not selected company_registration file 107"
File not selected company_registration file 108"
File not selected company_registration file 109"
File not selected company_registration file 110"
File not selected company_registration file 111"
File not selected company_registration file 112"
File not selected company_registration file 113"
File not selected company_registration file 114"
File not selected company_registration file 115"
File not selected company_registration file 116"
File not selected company_registration file 117"
File not selected company_registration file 118"
File not selected company_registration file 119"
File not selected company_registration file 120"
File not selected company_registration file 121"
Move company_registration file 122"
File not selected company_registration file 123"
File not selected company_registration file 124"
File not selected company_registration file 125"
File not selected company_registration file 126"
File not selected company_registration file 127"
File not selected company_registration file 128"
File not selected company_registration file 129"
File not selected company_registration file 130"
File not selected company_registration file 131"
File not selected company_registration file 132"
File not selected company_registration file 133"
File not selected company_registration file 134"
File not selected company_registration file 135"
File not selected company_registration file 136"
File not selected company_registration file 137"
File not selected company_registration file 138"
File not selected company_registration file 139"
File not selected company_registration file 140"
Move company_registration file 141"
File not selected company_registration file 142"
File not selected company_registration file 143"
File not selected company_registration file 144"
File not selected company_registration file 145"
Move company_registration file 146"
File not selected company_registration file 147"
File not selected company_registration file 148"
File not selected company_registration file 149"
File not selected company_registration file 150"
File not selected company_registration file 151"
File not selected company_registration file 152"
File not selected company_registration file 153"
File not selected company_registration file 154"
File not selected company_registration file 155"
File not selected company_registration file 156"
File not selected company_registration file 157"
File not selected company_registration file 158"
File not selected company_registration file 159"
File not selected company_registration file 160"
File not selected company_registration file 161"
File not selected company_registration file 162"
File not selected company_registration file 163"
Move company_registration file 164"
File not selected company_registration file 165"
File not selected company_registration file 166"
File not selected company_registration file 167"
File not selected company_registration file 168"
File not selected company_registration file 169"
File not selected company_registration file 170"
File not selected company_registration file 171"
File not selected company_registration file 172"
File not selected company_registration file 173"
File not selected company_registration file 174"
File not selected company_registration file 175"
Move company_registration file 176"
File not selected company_registration file 177"
File not selected company_registration file 178"
File not selected company_registration file 179"
File not selected company_registration file 180"
File not selected company_registration file 181"
File not selected company_registration file 182"
File not selected company_registration file 183"
File not selected company_registration file 184"
File not selected company_registration file 185"
File not selected company_registration file 186"
File not selected company_registration file 187"
File not selected company_registration file 188"
File not selected company_registration file 189"
File not selected company_registration file 190"
File not selected company_registration file 191"
File not selected company_registration file 192"
File not selected company_registration file 193"
File not selected company_registration file 194"
File not selected company_registration file 195"
File not selected company_registration file 196"
File not selected company_registration file 198"
File not selected company_registration file 199"
File not selected company_registration file 200"
File not selected company_registration file 201"
File not selected company_registration file 202"
File not selected company_registration file 203"
File not selected company_registration file 204"
File not selected company_registration file 205"
File not selected company_registration file 206"
File not selected company_registration file 207"
File not selected company_registration file 208"
File not selected company_registration file 209"
File not selected company_registration file 210"
File not selected company_registration file 211"
File not selected company_registration file 212"
File not selected company_registration file 213"
File not selected company_registration file 214"
File not selected company_registration file 215"
File not selected company_registration file 216"
File not selected company_registration file 217"
File not selected company_registration file 218"
File not selected company_registration file 219"
File not selected company_registration file 220"
File not selected company_registration file 221"
File not selected company_registration file 222"
File not selected company_registration file 223"
File not selected company_registration file 224"
File not selected company_registration file 225"
Move company_registration file 226"
File not selected company_registration file 227"
File not selected company_registration file 228"
File not selected company_registration file 229"
File not selected company_registration file 230"
File not selected company_registration file 231"
File not selected company_registration file 232"
File not selected company_registration file 233"
Move company_registration file 234"
File not selected company_registration file 235"
File not selected company_registration file 236"
File not selected company_registration file 237"
File not selected company_registration file 238"
File not selected company_registration file 239"
File not selected company_registration file 240"
File not selected company_registration file 241"
File not selected company_registration file 242"
File not selected company_registration file 243"
File not selected company_registration file 244"
Move company_registration file 245"
File not selected company_registration file 246"
File not selected company_registration file 247"
File not selected company_registration file 248"
File not selected company_registration file 249"
File not selected company_registration file 250"
File not selected company_registration file 251"
File not selected company_registration file 252"
File not selected company_registration file 253"
File not selected company_registration file 254"
File not selected company_registration file 255"
File not selected company_registration file 256"
File not selected company_registration file 257"
Move company_registration file 258"
File not selected company_registration file 259"
File not selected company_registration file 260"
File not selected company_registration file 261"
File not selected company_registration file 262"
File not selected company_registration file 263"
File not selected company_registration file 264"
Move company_registration file 265"
File not selected company_registration file 266"
File not selected company_registration file 267"
Move company_registration file 268"
File not selected company_registration file 269"
File not selected company_registration file 270"
File not selected company_registration file 271"
File not selected company_registration file 272"
File not selected company_registration file 273"
File not selected company_registration file 274"
File not selected company_registration file 275"
File not selected company_registration file 276"
File not selected company_registration file 277"
File not selected company_registration file 278"
File not selected company_registration file 279"
File not selected company_registration file 280"
File not selected company_registration file 281"
File not selected company_registration file 282"
File not selected company_registration file 283"
File not selected company_registration file 284"
File not selected company_registration file 285"
File not selected company_registration file 286"
File not selected company_registration file 287"
File not selected company_registration file 288"
File not selected company_registration file 289"
File not selected company_registration file 290"
File not selected company_registration file 291"
File not selected company_registration file 292"
File not selected company_registration file 293"
File not selected company_registration file 294"
File not selected company_registration file 295"
File not selected company_registration file 296"
File not selected company_registration file 297"
File not selected company_registration file 298"
File not selected company_registration file 299"
File not selected company_registration file 300"
File not selected company_registration file 301"
File not selected company_registration file 302"
File not selected company_registration file 303"
File not selected company_registration file 304"
File not selected company_registration file 305"
File not selected company_registration file 306"
File not selected company_registration file 307"
File not selected company_registration file 308"
File not selected company_registration file 309"
File not selected company_registration file 310"
File not selected company_registration file 311"
File not selected company_registration file 312"
File not selected company_registration file 313"
File not selected company_registration file 314"
File not selected company_registration file 315"
File not selected company_registration file 316"
File not selected company_registration file 317"
File not selected company_registration file 318"
File not selected company_registration file 319"
File not selected company_registration file 320"
File not selected company_registration file 321"
File not selected company_registration file 322"
File not selected company_registration file 323"
File not selected company_registration file 324"
File not selected company_registration file 325"
File not selected company_registration file 326"
File not selected company_registration file 327"
Move company_registration file 328"
File not selected company_registration file 329"
File not selected company_registration file 330"
File not selected company_registration file 331"
File not selected company_registration file 332"
File not selected company_registration file 333"
File not selected company_registration file 334"
File not selected company_registration file 335"
File not selected company_registration file 336"
File not selected company_registration file 337"
Move company_registration file 338"
File not selected company_registration file 339"
File not selected company_registration file 340"
File not selected company_registration file 341"
08.06.2017 13:30:28: Done command "metal:project:normalize-files"
